<?xml version="1.0" encoding="UTF-8"?>
<testng-results ignored="0" total="1" passed="1" failed="0" skipped="0">
  <reporter-output>
  </reporter-output>
  <suite started-at="2021-12-21T22:59:34 IST" name="RideCell Testing Suite" finished-at="2021-12-21T22:59:40 IST" duration-ms="5548">
    <groups>
    </groups>
    <test started-at="2021-12-21T22:59:34 IST" name="RideCell Tests" finished-at="2021-12-21T22:59:40 IST" duration-ms="5548">
      <class name="com.ridecell.automationassignment.tests.VerifyRepositoryNames">
        <test-method is-config="true" signature="startTest()[pri:0, instance:com.ridecell.automationassignment.tests.VerifyRepositoryNames@18271936]" started-at="2021-12-21T22:59:30 IST" name="startTest" finished-at="2021-12-21T22:59:34 IST" duration-ms="4048" status="PASS">
          <reporter-output>
          </reporter-output>
        </test-method> <!-- startTest -->
        <test-method is-config="true" signature="initializePage()[pri:0, instance:com.ridecell.automationassignment.tests.VerifyRepositoryNames@18271936]" started-at="2021-12-21T22:59:34 IST" name="initializePage" finished-at="2021-12-21T22:59:36 IST" duration-ms="1357" status="PASS">
          <reporter-output>
          </reporter-output>
        </test-method> <!-- initializePage -->
        <test-method signature="verifyWebAndRepositoryNames()[pri:0, instance:com.ridecell.automationassignment.tests.VerifyRepositoryNames@18271936]" started-at="2021-12-21T22:59:36 IST" name="verifyWebAndRepositoryNames" finished-at="2021-12-21T22:59:39 IST" duration-ms="3308" status="PASS">
          <reporter-output>
          </reporter-output>
        </test-method> <!-- verifyWebAndRepositoryNames -->
        <test-method is-config="true" signature="wrapUp()[pri:0, instance:com.ridecell.automationassignment.tests.VerifyRepositoryNames@18271936]" started-at="2021-12-21T22:59:39 IST" name="wrapUp" finished-at="2021-12-21T22:59:40 IST" duration-ms="780" status="PASS">
          <reporter-output>
          </reporter-output>
        </test-method> <!-- wrapUp -->
      </class> <!-- com.ridecell.automationassignment.tests.VerifyRepositoryNames -->
    </test> <!-- RideCell Tests -->
  </suite> <!-- RideCell Testing Suite -->
</testng-results>
