<?xml version="1.0" encoding="UTF-8"?>
<testng-results ignored="0" total="1" passed="1" failed="0" skipped="0">
  <reporter-output>
  </reporter-output>
  <suite started-at="2021-12-19T10:41:55 IST" name="RideCell Testing Suite" finished-at="2021-12-19T10:42:04 IST" duration-ms="9459">
    <groups>
    </groups>
    <test started-at="2021-12-19T10:41:55 IST" name="RideCell Tests" finished-at="2021-12-19T10:42:04 IST" duration-ms="9459">
      <class name="com.ridecell.automationassignment.tests.VerifyRepositoryNames">
        <test-method is-config="true" signature="setUp()[pri:0, instance:com.ridecell.automationassignment.tests.VerifyRepositoryNames@5032714f]" started-at="2021-12-19T10:41:55 IST" name="setUp" finished-at="2021-12-19T10:41:58 IST" duration-ms="3483" status="PASS">
          <reporter-output>
          </reporter-output>
        </test-method> <!-- setUp -->
        <test-method signature="verifyWebAndRepositoryNames()[pri:0, instance:com.ridecell.automationassignment.tests.VerifyRepositoryNames@5032714f]" started-at="2021-12-19T10:41:58 IST" name="verifyWebAndRepositoryNames" finished-at="2021-12-19T10:42:04 IST" duration-ms="5531" status="PASS">
          <reporter-output>
          </reporter-output>
        </test-method> <!-- verifyWebAndRepositoryNames -->
        <test-method is-config="true" signature="wrapUp()[pri:0, instance:com.ridecell.automationassignment.tests.VerifyRepositoryNames@5032714f]" started-at="2021-12-19T10:42:04 IST" name="wrapUp" finished-at="2021-12-19T10:42:04 IST" duration-ms="295" status="PASS">
          <reporter-output>
          </reporter-output>
        </test-method> <!-- wrapUp -->
      </class> <!-- com.ridecell.automationassignment.tests.VerifyRepositoryNames -->
    </test> <!-- RideCell Tests -->
  </suite> <!-- RideCell Testing Suite -->
</testng-results>
